{"C:\\CodeProjects\\Apps\\Chat-App\\server\\src\\app.ts": {"path":"C:\\CodeProjects\\Apps\\Chat-App\\server\\src\\app.ts","statementMap":{"0":{"start":{"line":1,"column":0},"end":{"line":1,"column":30}},"1":{"start":{"line":2,"column":0},"end":{"line":2,"column":41}},"2":{"start":{"line":3,"column":0},"end":{"line":3,"column":35}},"3":{"start":{"line":5,"column":12},"end":{"line":5,"column":21}},"4":{"start":{"line":6,"column":15},"end":{"line":6,"column":32}},"5":{"start":{"line":7,"column":13},"end":{"line":7,"column":37}},"6":{"start":{"line":10,"column":23},"end":{"line":13,"column":2}},"7":{"start":{"line":15,"column":11},"end":{"line":36,"column":2}},"8":{"start":{"line":25,"column":6},"end":{"line":25,"column":47}},"9":{"start":{"line":25,"column":19},"end":{"line":25,"column":47}},"10":{"start":{"line":26,"column":6},"end":{"line":30,"column":7}},"11":{"start":{"line":28,"column":10},"end":{"line":28,"column":90}},"12":{"start":{"line":29,"column":8},"end":{"line":29,"column":47}},"13":{"start":{"line":31,"column":6},"end":{"line":31,"column":34}},"14":{"start":{"line":38,"column":0},"end":{"line":40,"column":3}},"15":{"start":{"line":39,"column":2},"end":{"line":39,"column":35}},"16":{"start":{"line":42,"column":0},"end":{"line":68,"column":3}},"17":{"start":{"line":43,"column":2},"end":{"line":43,"column":34}},"18":{"start":{"line":45,"column":16},"end":{"line":45,"column":59}},"19":{"start":{"line":47,"column":19},"end":{"line":47,"column":77}},"20":{"start":{"line":47,"column":42},"end":{"line":47,"column":76}},"21":{"start":{"line":49,"column":2},"end":{"line":49,"column":36}},"22":{"start":{"line":51,"column":2},"end":{"line":55,"column":5}},"23":{"start":{"line":52,"column":4},"end":{"line":52,"column":26}},"24":{"start":{"line":53,"column":4},"end":{"line":53,"column":58}},"25":{"start":{"line":54,"column":4},"end":{"line":54,"column":34}},"26":{"start":{"line":57,"column":2},"end":{"line":59,"column":5}},"27":{"start":{"line":58,"column":4},"end":{"line":58,"column":37}},"28":{"start":{"line":61,"column":2},"end":{"line":63,"column":5}},"29":{"start":{"line":62,"column":4},"end":{"line":62,"column":59}},"30":{"start":{"line":65,"column":2},"end":{"line":67,"column":5}},"31":{"start":{"line":66,"column":4},"end":{"line":66,"column":59}},"32":{"start":{"line":70,"column":0},"end":{"line":72,"column":3}},"33":{"start":{"line":71,"column":2},"end":{"line":71,"column":49}}},"fnMap":{"0":{"name":"(anonymous_1)","decl":{"start":{"line":23,"column":12},"end":{"line":23,"column":22}},"loc":{"start":{"line":23,"column":38},"end":{"line":32,"column":5}}},"1":{"name":"(anonymous_2)","decl":{"start":{"line":38,"column":13},"end":{"line":38,"column":14}},"loc":{"start":{"line":38,"column":26},"end":{"line":40,"column":1}}},"2":{"name":"(anonymous_3)","decl":{"start":{"line":42,"column":20},"end":{"line":42,"column":21}},"loc":{"start":{"line":42,"column":31},"end":{"line":68,"column":1}}},"3":{"name":"(anonymous_4)","decl":{"start":{"line":47,"column":32},"end":{"line":47,"column":33}},"loc":{"start":{"line":47,"column":42},"end":{"line":47,"column":76}}},"4":{"name":"(anonymous_5)","decl":{"start":{"line":51,"column":24},"end":{"line":51,"column":25}},"loc":{"start":{"line":51,"column":51},"end":{"line":55,"column":3}}},"5":{"name":"(anonymous_6)","decl":{"start":{"line":57,"column":26},"end":{"line":57,"column":29}},"loc":{"start":{"line":57,"column":31},"end":{"line":59,"column":3}}},"6":{"name":"(anonymous_7)","decl":{"start":{"line":61,"column":23},"end":{"line":61,"column":24}},"loc":{"start":{"line":61,"column":59},"end":{"line":63,"column":3}}},"7":{"name":"(anonymous_8)","decl":{"start":{"line":65,"column":24},"end":{"line":65,"column":25}},"loc":{"start":{"line":65,"column":49},"end":{"line":67,"column":3}}},"8":{"name":"(anonymous_9)","decl":{"start":{"line":70,"column":20},"end":{"line":70,"column":23}},"loc":{"start":{"line":70,"column":25},"end":{"line":72,"column":1}}}},"branchMap":{"0":{"loc":{"start":{"line":7,"column":13},"end":{"line":7,"column":37}},"type":"binary-expr","locations":[{"start":{"line":7,"column":13},"end":{"line":7,"column":29}},{"start":{"line":7,"column":33},"end":{"line":7,"column":37}}]},"1":{"loc":{"start":{"line":25,"column":6},"end":{"line":25,"column":47}},"type":"if","locations":[{"start":{"line":25,"column":6},"end":{"line":25,"column":47}}]},"2":{"loc":{"start":{"line":26,"column":6},"end":{"line":30,"column":7}},"type":"if","locations":[{"start":{"line":26,"column":6},"end":{"line":30,"column":7}}]}},"s":{"0":0,"1":0,"2":0,"3":0,"4":0,"5":0,"6":0,"7":0,"8":0,"9":0,"10":0,"11":0,"12":0,"13":0,"14":0,"15":0,"16":0,"17":0,"18":0,"19":0,"20":0,"21":0,"22":0,"23":0,"24":0,"25":0,"26":0,"27":0,"28":0,"29":0,"30":0,"31":0,"32":0,"33":0},"f":{"0":0,"1":0,"2":0,"3":0,"4":0,"5":0,"6":0,"7":0,"8":0},"b":{"0":[0,0],"1":[0],"2":[0]}}
,"C:\\CodeProjects\\Apps\\Chat-App\\server\\src\\models\\StateMachine.ts": {"path":"C:\\CodeProjects\\Apps\\Chat-App\\server\\src\\models\\StateMachine.ts","statementMap":{"0":{"start":{"line":5,"column":4},"end":{"line":5,"column":17}},"1":{"start":{"line":9,"column":4},"end":{"line":9,"column":19}}},"fnMap":{"0":{"name":"(anonymous_0)","decl":{"start":{"line":4,"column":2},"end":{"line":4,"column":14}},"loc":{"start":{"line":4,"column":24},"end":{"line":6,"column":3}}},"1":{"name":"(anonymous_1)","decl":{"start":{"line":8,"column":9},"end":{"line":8,"column":14}},"loc":{"start":{"line":8,"column":14},"end":{"line":10,"column":3}}}},"branchMap":{},"s":{"0":0,"1":0},"f":{"0":0,"1":0},"b":{}}
}
