TN:
SF:src\app.ts
FN:31,(anonymous_0)
FN:46,(anonymous_1)
FN:50,(anonymous_2)
FN:57,(anonymous_3)
FN:76,(anonymous_4)
FN:115,(anonymous_5)
FN:143,(anonymous_6)
FN:159,(anonymous_7)
FN:187,(anonymous_8)
FN:189,(anonymous_9)
FN:201,(anonymous_10)
FN:207,(anonymous_11)
FN:227,(anonymous_12)
FN:232,(anonymous_13)
FNF:14
FNH:0
FNDA:0,(anonymous_0)
FNDA:0,(anonymous_1)
FNDA:0,(anonymous_2)
FNDA:0,(anonymous_3)
FNDA:0,(anonymous_4)
FNDA:0,(anonymous_5)
FNDA:0,(anonymous_6)
FNDA:0,(anonymous_7)
FNDA:0,(anonymous_8)
FNDA:0,(anonymous_9)
FNDA:0,(anonymous_10)
FNDA:0,(anonymous_11)
FNDA:0,(anonymous_12)
FNDA:0,(anonymous_13)
DA:9,0
DA:10,0
DA:11,0
DA:14,0
DA:20,0
DA:23,0
DA:33,0
DA:34,0
DA:36,0
DA:37,0
DA:39,0
DA:46,0
DA:47,0
DA:50,0
DA:51,0
DA:53,0
DA:55,0
DA:57,0
DA:58,0
DA:59,0
DA:62,0
DA:65,0
DA:67,0
DA:68,0
DA:69,0
DA:70,0
DA:75,0
DA:76,0
DA:77,0
DA:83,0
DA:84,0
DA:92,0
DA:101,0
DA:102,0
DA:109,0
DA:114,0
DA:115,0
DA:116,0
DA:122,0
DA:123,0
DA:131,0
DA:140,0
DA:143,0
DA:144,0
DA:145,0
DA:148,0
DA:151,0
DA:153,0
DA:158,0
DA:159,0
DA:160,0
DA:168,0
DA:171,0
DA:181,0
DA:182,0
DA:187,0
DA:188,0
DA:189,0
DA:190,0
DA:198,0
DA:201,0
DA:202,0
DA:205,0
DA:208,0
DA:216,0
DA:217,0
DA:227,0
DA:228,0
DA:232,0
DA:233,0
LF:70
LH:0
BRDA:11,0,0,0
BRDA:11,0,1,0
BRDA:33,1,0,0
BRDA:34,2,0,0
BRDA:67,3,0,0
BRDA:67,3,1,0
BRDA:106,4,0,0
BRDA:106,4,1,0
BRF:8
BRH:0
end_of_record
TN:
SF:src\models\ChatUser.ts
FN:6,(anonymous_0)
FN:12,(anonymous_1)
FN:16,(anonymous_2)
FN:20,(anonymous_3)
FNF:4
FNH:2
FNDA:1,(anonymous_0)
FNDA:1,(anonymous_1)
FNDA:0,(anonymous_2)
FNDA:0,(anonymous_3)
DA:7,1
DA:8,1
DA:9,1
DA:13,1
DA:17,0
DA:21,0
DA:25,1
LF:7
LH:5
BRF:0
BRH:0
end_of_record
TN:
SF:src\models\Message.ts
FN:8,(anonymous_0)
FN:22,(anonymous_1)
FN:26,(anonymous_2)
FN:30,(anonymous_3)
FN:34,(anonymous_4)
FN:38,(anonymous_5)
FNF:6
FNH:4
FNDA:1,(anonymous_0)
FNDA:0,(anonymous_1)
FNDA:1,(anonymous_2)
FNDA:1,(anonymous_3)
FNDA:1,(anonymous_4)
FNDA:0,(anonymous_5)
DA:15,1
DA:16,1
DA:17,1
DA:18,1
DA:19,1
DA:23,0
DA:27,1
DA:31,1
DA:35,1
DA:39,0
DA:43,1
LF:11
LH:9
BRF:0
BRH:0
end_of_record
TN:
SF:src\models\Room.ts
FN:11,(anonymous_0)
FN:18,(anonymous_1)
FN:22,(anonymous_2)
FN:26,(anonymous_3)
FN:30,(anonymous_4)
FN:34,(anonymous_5)
FN:43,(anonymous_6)
FN:49,(anonymous_7)
FNF:8
FNH:3
FNDA:1,(anonymous_0)
FNDA:0,(anonymous_1)
FNDA:1,(anonymous_2)
FNDA:0,(anonymous_3)
FNDA:0,(anonymous_4)
FNDA:1,(anonymous_5)
FNDA:0,(anonymous_6)
FNDA:0,(anonymous_7)
DA:9,1
DA:12,1
DA:13,1
DA:14,1
DA:15,1
DA:19,0
DA:23,1
DA:27,0
DA:31,0
DA:35,1
DA:36,1
DA:38,0
DA:39,0
DA:44,0
DA:45,0
DA:50,0
DA:54,1
LF:17
LH:9
BRDA:35,0,0,1
BRDA:35,0,1,0
BRDA:44,1,0,0
BRF:3
BRH:1
end_of_record
TN:
SF:src\models\StateMachine.ts
FN:11,(anonymous_1)
FN:15,(anonymous_2)
FN:22,(anonymous_3)
FN:26,(anonymous_4)
FN:30,(anonymous_5)
FN:35,(anonymous_6)
FN:40,(anonymous_7)
FN:44,(anonymous_8)
FN:50,(anonymous_9)
FN:69,(anonymous_10)
FN:74,(anonymous_11)
FNF:11
FNH:5
FNDA:1,(anonymous_1)
FNDA:1,(anonymous_2)
FNDA:0,(anonymous_3)
FNDA:0,(anonymous_4)
FNDA:0,(anonymous_5)
FNDA:1,(anonymous_6)
FNDA:0,(anonymous_7)
FNDA:1,(anonymous_8)
FNDA:1,(anonymous_9)
FNDA:0,(anonymous_10)
FNDA:0,(anonymous_11)
DA:1,1
DA:3,1
DA:4,1
DA:7,1
DA:9,1
DA:12,1
DA:16,1
DA:17,1
DA:19,1
DA:23,0
DA:27,0
DA:31,0
DA:32,0
DA:36,1
DA:37,1
DA:41,0
DA:45,1
DA:46,1
DA:58,1
DA:59,1
DA:66,1
DA:70,0
DA:71,0
DA:75,0
DA:76,0
DA:77,0
DA:78,0
DA:80,0
DA:85,1
LF:29
LH:17
BRDA:16,0,0,1
BRDA:37,1,0,1
BRDA:37,1,1,0
BRDA:45,2,0,1
BRDA:66,3,0,1
BRDA:66,3,1,1
BRDA:77,4,0,0
BRDA:77,4,1,0
BRF:8
BRH:5
end_of_record
TN:
SF:src\utils\utils.ts
FN:1,genId
FNF:1
FNH:1
FNDA:1,genId
DA:1,1
DA:2,1
LF:2
LH:2
BRF:0
BRH:0
end_of_record
